<?xml version="1.0" encoding="UTF-8"?>
<testng-results ignored="0" total="1" passed="1" failed="0" skipped="0">
  <reporter-output>
  </reporter-output>
  <suite started-at="2018-12-11T18:06:08Z" name="Default suite" finished-at="2018-12-11T18:06:22Z" duration-ms="13823">
    <groups>
    </groups>
    <test started-at="2018-12-11T18:06:08Z" name="Default test" finished-at="2018-12-11T18:06:22Z" duration-ms="13823">
      <class name="myPackage.TestClass">
        <test-method is-config="true" signature="BeforeMethodData()[pri:0, instance:myPackage.TestClass@6392827e]" started-at="2018-12-11T18:06:08Z" name="BeforeMethodData" finished-at="2018-12-11T18:06:15Z" duration-ms="7594" status="PASS">
          <reporter-output>
          </reporter-output>
        </test-method> <!-- BeforeMethodData -->
        <test-method signature="TestMethod()[pri:0, instance:myPackage.TestClass@6392827e]" started-at="2018-12-11T18:06:15Z" name="TestMethod" finished-at="2018-12-11T18:06:17Z" duration-ms="1509" status="PASS">
          <reporter-output>
          </reporter-output>
        </test-method> <!-- TestMethod -->
        <test-method is-config="true" signature="AfterMethodData()[pri:0, instance:myPackage.TestClass@6392827e]" started-at="2018-12-11T18:06:17Z" name="AfterMethodData" finished-at="2018-12-11T18:06:22Z" duration-ms="4682" status="PASS">
          <reporter-output>
          </reporter-output>
        </test-method> <!-- AfterMethodData -->
      </class> <!-- myPackage.TestClass -->
    </test> <!-- Default test -->
  </suite> <!-- Default suite -->
</testng-results>
